[0.012s] Invoking command in '/home/jorge-marquez/dev_ws/build/my_package': CMAKE_PREFIX_PATH=${CMAKE_PREFIX_PATH}:/opt/ros/jazzy DEBUGINFOD_URLS=https://debuginfod.ubuntu.com /usr/bin/cmake /home/jorge-marquez/dev_ws/src/my_package -DAMENT_CMAKE_SYMLINK_INSTALL=1 -DCMAKE_INSTALL_PREFIX=/home/jorge-marquez/dev_ws/install/my_package
[0.099s] -- The C compiler identification is GNU 13.3.0
[0.174s] -- The CXX compiler identification is GNU 13.3.0
[0.201s] -- Detecting C compiler ABI info
[0.350s] -- Detecting C compiler ABI info - done
[0.361s] -- Check for working C compiler: /usr/bin/cc - skipped
[0.361s] -- Detecting C compile features
[0.361s] -- Detecting C compile features - done
[0.374s] -- Detecting CXX compiler ABI info
[0.521s] -- Detecting CXX compiler ABI info - done
[0.524s] -- Check for working CXX compiler: /usr/bin/c++ - skipped
[0.524s] -- Detecting CXX compile features
[0.525s] -- Detecting CXX compile features - done
[0.531s] -- Found ament_cmake: 2.5.3 (/opt/ros/jazzy/share/ament_cmake/cmake)
[0.684s] -- Found Python3: /usr/bin/python3 (found version "3.12.3") found components: Interpreter 
[0.750s] -- Override CMake install command with custom implementation using symlinks instead of copying resources
[0.792s] -- Found ament_lint_auto: 0.17.1 (/opt/ros/jazzy/share/ament_lint_auto/cmake)
[0.899s] -- Added test 'flake8' to check Python code syntax and style conventions
[0.900s] -- Configured 'flake8' exclude dirs and/or files: 
[0.900s] -- Added test 'lint_cmake' to check CMake code style
[0.902s] -- Added test 'pep257' to check Python code against some of the docstring style conventions in PEP 257
[0.903s] -- Added test 'xmllint' to check XML markup files
[0.905s] -- Configuring done (0.9s)
[0.908s] -- Generating done (0.0s)
[0.910s] -- Build files have been written to: /home/jorge-marquez/dev_ws/build/my_package
[0.915s] Invoked command in '/home/jorge-marquez/dev_ws/build/my_package' returned '0': CMAKE_PREFIX_PATH=${CMAKE_PREFIX_PATH}:/opt/ros/jazzy DEBUGINFOD_URLS=https://debuginfod.ubuntu.com /usr/bin/cmake /home/jorge-marquez/dev_ws/src/my_package -DAMENT_CMAKE_SYMLINK_INSTALL=1 -DCMAKE_INSTALL_PREFIX=/home/jorge-marquez/dev_ws/install/my_package
[0.917s] Invoking command in '/home/jorge-marquez/dev_ws/build/my_package': CMAKE_PREFIX_PATH=${CMAKE_PREFIX_PATH}:/opt/ros/jazzy DEBUGINFOD_URLS=https://debuginfod.ubuntu.com /usr/bin/cmake --build /home/jorge-marquez/dev_ws/build/my_package -- -j4 -l4
[0.964s] Invoked command in '/home/jorge-marquez/dev_ws/build/my_package' returned '0': CMAKE_PREFIX_PATH=${CMAKE_PREFIX_PATH}:/opt/ros/jazzy DEBUGINFOD_URLS=https://debuginfod.ubuntu.com /usr/bin/cmake --build /home/jorge-marquez/dev_ws/build/my_package -- -j4 -l4
[0.979s] Invoking command in '/home/jorge-marquez/dev_ws/build/my_package': CMAKE_PREFIX_PATH=${CMAKE_PREFIX_PATH}:/opt/ros/jazzy DEBUGINFOD_URLS=https://debuginfod.ubuntu.com /usr/bin/cmake --install /home/jorge-marquez/dev_ws/build/my_package
[0.989s] -- Install configuration: ""
[0.991s] -- Execute custom install script
[0.991s] -- Symlinking: /home/jorge-marquez/dev_ws/install/my_package/share/my_package/launch/listener.launch.py
[1.002s] -- Symlinking: /home/jorge-marquez/dev_ws/install/my_package/share/my_package/launch/talker.launch.py
[1.015s] -- Symlinking: /home/jorge-marquez/dev_ws/install/my_package/share/ament_index/resource_index/package_run_dependencies/my_package
[1.030s] -- Symlinking: /home/jorge-marquez/dev_ws/install/my_package/share/ament_index/resource_index/parent_prefix_path/my_package
[1.037s] -- Symlinking: /home/jorge-marquez/dev_ws/install/my_package/share/my_package/environment/ament_prefix_path.sh
[1.045s] -- Symlinking: /home/jorge-marquez/dev_ws/install/my_package/share/my_package/environment/ament_prefix_path.dsv
[1.056s] -- Symlinking: /home/jorge-marquez/dev_ws/install/my_package/share/my_package/environment/path.sh
[1.064s] -- Symlinking: /home/jorge-marquez/dev_ws/install/my_package/share/my_package/environment/path.dsv
[1.072s] -- Symlinking: /home/jorge-marquez/dev_ws/install/my_package/share/my_package/local_setup.bash
[1.079s] -- Symlinking: /home/jorge-marquez/dev_ws/install/my_package/share/my_package/local_setup.sh
[1.090s] -- Symlinking: /home/jorge-marquez/dev_ws/install/my_package/share/my_package/local_setup.zsh
[1.101s] -- Symlinking: /home/jorge-marquez/dev_ws/install/my_package/share/my_package/local_setup.dsv
[1.112s] -- Symlinking: /home/jorge-marquez/dev_ws/install/my_package/share/my_package/package.dsv
[1.122s] -- Symlinking: /home/jorge-marquez/dev_ws/install/my_package/share/ament_index/resource_index/packages/my_package
[1.132s] -- Symlinking: /home/jorge-marquez/dev_ws/install/my_package/share/my_package/cmake/my_packageConfig.cmake
[1.146s] -- Symlinking: /home/jorge-marquez/dev_ws/install/my_package/share/my_package/cmake/my_packageConfig-version.cmake
[1.156s] -- Symlinking: /home/jorge-marquez/dev_ws/install/my_package/share/my_package/package.xml
[1.170s] Invoked command in '/home/jorge-marquez/dev_ws/build/my_package' returned '0': CMAKE_PREFIX_PATH=${CMAKE_PREFIX_PATH}:/opt/ros/jazzy DEBUGINFOD_URLS=https://debuginfod.ubuntu.com /usr/bin/cmake --install /home/jorge-marquez/dev_ws/build/my_package
